INFO:root:this is information
ERROR:root:this is error
CRITICAL:root:this is critical
INFO:root:this is information
ERROR:root:this is error
ERROR:root:this is error in the program
INFO:root:this is an information
CRITICAL:root:this is an critical
INFO:root:this is information
ERROR:root:this is error
CRITICAL:root:this is critical
ERROR:root:this is error in the program
INFO:root:this is an information
CRITICAL:root:this is an critical
ERROR:ipykernel.comm:No such comm target registered: jupyter.widget.control
WARNING:Comm:No such comm: cc00bf83-8999-4b89-81d5-46679e188745
INFO:root:this is information
ERROR:root:this is error
CRITICAL:root:this is critical
ERROR:root:this is error in the program
INFO:root:this is an information
CRITICAL:root:this is an critical
ERROR:ipykernel.comm:No such comm target registered: jupyter.widget.control
WARNING:Comm:No such comm: 7ca9fc58-20eb-4048-9820-abb4d44cc994
ERROR:root:this is error in the program
INFO:root:this is an information
CRITICAL:root:this is an critical
ERROR:root:this is error in the program
INFO:root:this is an information
CRITICAL:root:this is an critical
ERROR:root:this is error in the program
INFO:root:this is information
ERROR:root:this is error
CRITICAL:root:this is critical
ERROR:root:this is error in the program
INFO:root:this is an information
CRITICAL:root:this is an critical
INFO:root:this is information
ERROR:root:this is error
CRITICAL:root:this is critical
ERROR:root:this is error in the program
INFO:root:this is an information
CRITICAL:root:this is an critical
INFO:root:this is information
ERROR:root:this is error
CRITICAL:root:this is critical
ERROR:root:this is error in the program
INFO:root:this is an information
CRITICAL:root:this is an critical
